
> stockup-frontend@0.1.0 start
> react-scripts start

(node:17848) [DEP0176] DeprecationWarning: fs.F_OK is deprecated, use fs.constants.F_OK instead
(Use `node --trace-deprecation ...` to show where the warning was created)
(node:17848) [DEP_WEBPACK_DEV_SERVER_ON_AFTER_SETUP_MIDDLEWARE] DeprecationWarning: 'onAfterSetupMiddleware' option is deprecated. Please use the 'setupMiddlewares' option.
(node:17848) [DEP_WEBPACK_DEV_SERVER_ON_BEFORE_SETUP_MIDDLEWARE] DeprecationWarning: 'onBeforeSetupMiddleware' option is deprecated. Please use the 'setupMiddlewares' option.
Starting the development server...

Compiled successfully!

You can now view stockup-frontend in the browser.

  Local:            http://localhost:3000
  On Your Network:  http://192.168.1.22:3000

Note that the development build is not optimized.
To create a production build, use npm run build.

webpack compiled [1m[32msuccessfully[39m[22m
No issues found.
Compiling...
Compiled successfully!
webpack compiled [1m[32msuccessfully[39m[22m
No issues found.
Compiling...
Compiled successfully!
webpack compiled [1m[32msuccessfully[39m[22m
Compiling...
No issues found.
Compiled successfully!
webpack compiled [1m[32msuccessfully[39m[22m
Files successfully emitted, waiting for typecheck results...
Issues checking in progress...
No issues found.
Compiling...
Compiled with warnings.

[eslint] 
src\pages\Subscription.tsx
  Line 4:45:  'processPaymentManually' is defined but never used  @typescript-eslint/no-unused-vars
  Line 60:9:  'navigate' is assigned a value but never used       @typescript-eslint/no-unused-vars

Search for the keywords to learn more about each warning.
To ignore, add // eslint-disable-next-line to the line before.

[1m[33mWARNING[39m[22m in [1m[eslint] 
src\pages\Subscription.tsx
  Line 4:45:  'processPaymentManually' is defined but never used  @typescript-eslint/no-unused-vars
  Line 60:9:  'navigate' is assigned a value but never used       @typescript-eslint/no-unused-vars

[39m[22m

webpack compiled with [1m[33m1 warning[39m[22m
No issues found.
Compiling...
Compiled with warnings.

[eslint] 
src\pages\Subscription.tsx
  Line 4:45:   'processPaymentManually' is defined but never used       @typescript-eslint/no-unused-vars
  Line 60:9:   'navigate' is assigned a value but never used            @typescript-eslint/no-unused-vars
  Line 68:10:  'recoveryId' is assigned a value but never used          @typescript-eslint/no-unused-vars
  Line 68:22:  'setRecoveryId' is assigned a value but never used       @typescript-eslint/no-unused-vars
  Line 69:10:  'recoveryLoading' is assigned a value but never used     @typescript-eslint/no-unused-vars
  Line 69:27:  'setRecoveryLoading' is assigned a value but never used  @typescript-eslint/no-unused-vars
  Line 70:10:  'recoveryMsg' is assigned a value but never used         @typescript-eslint/no-unused-vars
  Line 70:23:  'setRecoveryMsg' is assigned a value but never used      @typescript-eslint/no-unused-vars

Search for the keywords to learn more about each warning.
To ignore, add // eslint-disable-next-line to the line before.

[1m[33mWARNING[39m[22m in [1m[eslint] 
src\pages\Subscription.tsx
  Line 4:45:   'processPaymentManually' is defined but never used       @typescript-eslint/no-unused-vars
  Line 60:9:   'navigate' is assigned a value but never used            @typescript-eslint/no-unused-vars
  Line 68:10:  'recoveryId' is assigned a value but never used          @typescript-eslint/no-unused-vars
  Line 68:22:  'setRecoveryId' is assigned a value but never used       @typescript-eslint/no-unused-vars
  Line 69:10:  'recoveryLoading' is assigned a value but never used     @typescript-eslint/no-unused-vars
  Line 69:27:  'setRecoveryLoading' is assigned a value but never used  @typescript-eslint/no-unused-vars
  Line 70:10:  'recoveryMsg' is assigned a value but never used         @typescript-eslint/no-unused-vars
  Line 70:23:  'setRecoveryMsg' is assigned a value but never used      @typescript-eslint/no-unused-vars

[39m[22m

webpack compiled with [1m[33m1 warning[39m[22m
No issues found.
Compiling...
Compiled with warnings.

[eslint] 
src\pages\Subscription.tsx
  Line 60:9:   'navigate' is assigned a value but never used         @typescript-eslint/no-unused-vars
  Line 68:22:  'setRecoveryId' is assigned a value but never used    @typescript-eslint/no-unused-vars
  Line 69:10:  'recoveryLoading' is assigned a value but never used  @typescript-eslint/no-unused-vars
  Line 70:10:  'recoveryMsg' is assigned a value but never used      @typescript-eslint/no-unused-vars
  Line 93:9:   'handleRecovery' is assigned a value but never used   @typescript-eslint/no-unused-vars

Search for the keywords to learn more about each warning.
To ignore, add // eslint-disable-next-line to the line before.

[1m[33mWARNING[39m[22m in [1m[eslint] 
src\pages\Subscription.tsx
  Line 60:9:   'navigate' is assigned a value but never used         @typescript-eslint/no-unused-vars
  Line 68:22:  'setRecoveryId' is assigned a value but never used    @typescript-eslint/no-unused-vars
  Line 69:10:  'recoveryLoading' is assigned a value but never used  @typescript-eslint/no-unused-vars
  Line 70:10:  'recoveryMsg' is assigned a value but never used      @typescript-eslint/no-unused-vars
  Line 93:9:   'handleRecovery' is assigned a value but never used   @typescript-eslint/no-unused-vars

[39m[22m

webpack compiled with [1m[33m1 warning[39m[22m
No issues found.
Compiling...
Compiled with warnings.

[eslint] 
src\pages\Subscription.tsx
  Line 60:9:  'navigate' is assigned a value but never used  @typescript-eslint/no-unused-vars

Search for the keywords to learn more about each warning.
To ignore, add // eslint-disable-next-line to the line before.

[1m[33mWARNING[39m[22m in [1m[eslint] 
src\pages\Subscription.tsx
  Line 60:9:  'navigate' is assigned a value but never used  @typescript-eslint/no-unused-vars

[39m[22m

webpack compiled with [1m[33m1 warning[39m[22m
No issues found.
Compiling...
Compiled successfully!
webpack compiled [1m[32msuccessfully[39m[22m
No issues found.
Compiling...
Compiled successfully!
webpack compiled [1m[32msuccessfully[39m[22m
No issues found.
Compiling...
Compiled successfully!
webpack compiled [1m[32msuccessfully[39m[22m
No issues found.
Compiling...
Compiled successfully!
webpack compiled [1m[32msuccessfully[39m[22m
No issues found.
Compiling...
Compiled successfully!
webpack compiled [1m[32msuccessfully[39m[22m
No issues found.
Compiling...
Compiled successfully!
webpack compiled [1m[32msuccessfully[39m[22m
No issues found.
Compiling...
Compiled successfully!
webpack compiled [1m[32msuccessfully[39m[22m
No issues found.
Compiling...
Compiled with warnings.

[eslint] 
src\App.tsx
  Line 4:10:  'SubscriptionProvider' is defined but never used  @typescript-eslint/no-unused-vars
  Line 4:32:  'useSubscription' is defined but never used       @typescript-eslint/no-unused-vars

Search for the keywords to learn more about each warning.
To ignore, add // eslint-disable-next-line to the line before.

[1m[33mWARNING[39m[22m in [1m[eslint] 
src\App.tsx
  Line 4:10:  'SubscriptionProvider' is defined but never used  @typescript-eslint/no-unused-vars
  Line 4:32:  'useSubscription' is defined but never used       @typescript-eslint/no-unused-vars

[39m[22m

webpack compiled with [1m[33m1 warning[39m[22m
No issues found.
Compiling...
Compiled with warnings.

[eslint] 
src\App.tsx
  Line 4:10:  'SubscriptionProvider' is defined but never used  @typescript-eslint/no-unused-vars
  Line 4:32:  'useSubscription' is defined but never used       @typescript-eslint/no-unused-vars
  Line 23:8:  'PaymentStatus' is defined but never used         @typescript-eslint/no-unused-vars

Search for the keywords to learn more about each warning.
To ignore, add // eslint-disable-next-line to the line before.

[1m[33mWARNING[39m[22m in [1m[eslint] 
src\App.tsx
  Line 4:10:  'SubscriptionProvider' is defined but never used  @typescript-eslint/no-unused-vars
  Line 4:32:  'useSubscription' is defined but never used       @typescript-eslint/no-unused-vars
  Line 23:8:  'PaymentStatus' is defined but never used         @typescript-eslint/no-unused-vars

[39m[22m

webpack compiled with [1m[33m1 warning[39m[22m
No issues found.
Compiling...
Compiled with warnings.

[eslint] 
src\App.tsx
  Line 4:10:   'SubscriptionProvider' is defined but never used  @typescript-eslint/no-unused-vars
  Line 23:8:   'PaymentStatus' is defined but never used         @typescript-eslint/no-unused-vars
  Line 61:10:  'SubscribedRoute' is defined but never used       @typescript-eslint/no-unused-vars

Search for the keywords to learn more about each warning.
To ignore, add // eslint-disable-next-line to the line before.

[1m[33mWARNING[39m[22m in [1m[eslint] 
src\App.tsx
  Line 4:10:   'SubscriptionProvider' is defined but never used  @typescript-eslint/no-unused-vars
  Line 23:8:   'PaymentStatus' is defined but never used         @typescript-eslint/no-unused-vars
  Line 61:10:  'SubscribedRoute' is defined but never used       @typescript-eslint/no-unused-vars

[39m[22m

webpack compiled with [1m[33m1 warning[39m[22m
No issues found.
Compiling...
Compiled successfully!
webpack compiled [1m[32msuccessfully[39m[22m
No issues found.
Compiling...
Compiled successfully!
webpack compiled [1m[32msuccessfully[39m[22m
No issues found.
Compiling...
Compiled successfully!
webpack compiled [1m[32msuccessfully[39m[22m
Compiling...
No issues found.
Compiled successfully!
webpack compiled [1m[32msuccessfully[39m[22m
No issues found.
